# JRE version: OpenJDK Runtime Environment JBR-17.0.9+7-1087.7-nomod (17.0.9+7) (build 17.0.9+7-b1087.7)
# Java VM: OpenJDK 64-Bit Server VM JBR-17.0.9+7-1087.7-nomod (17.0.9+7-b1087.7, mixed mode, tiered, compressed oops, compressed class ptrs, g1 gc, windows-amd64)
GC Precious Log:
 CPUs: 4 total, 4 available
 Memory: 16192M
 Large Page Support: Disabled
 NUMA Support: Disabled
 Compressed Oops: Enabled (32-bit)
 Heap Region Size: 1M
 Heap Min Capacity: 8M
 Heap Initial Capacity: 254M
 Heap Max Capacity: 2G
 Pre-touch: Disabled
 Parallel Workers: 4
 Concurrent Workers: 1
 Concurrent Refinement Workers: 4
 Periodic GC: Disabled
Heap:
 garbage-first heap   total 188416K, used 133301K [0x0000000080000000, 0x0000000100000000)
  region size 1024K, 41 young (41984K), 4 survivors (4096K)
 Metaspace       used 95520K, committed 96128K, reserved 1179648K
  class space    used 12902K, committed 13184K, reserved 1048576K
GC Heap History (20 events):
Event: 8.681 GC heap before
{Heap before GC invocations=18 (full 0):
 garbage-first heap   total 119808K, used 79817K [0x0000000080000000, 0x0000000100000000)
  region size 1024K, 26 young (26624K), 2 survivors (2048K)
 Metaspace       used 64621K, committed 65152K, reserved 1114112K
  class space    used 8521K, committed 8768K, reserved 1048576K
}
Event: 8.686 GC heap after
{Heap after GC invocations=19 (full 0):
 garbage-first heap   total 119808K, used 58384K [0x0000000080000000, 0x0000000100000000)
  region size 1024K, 4 young (4096K), 4 survivors (4096K)
 Metaspace       used 64621K, committed 65152K, reserved 1114112K
  class space    used 8521K, committed 8768K, reserved 1048576K
}
Event: 9.222 GC heap before
{Heap before GC invocations=20 (full 0):
 garbage-first heap   total 130048K, used 98320K [0x0000000080000000, 0x0000000100000000)
  region size 1024K, 37 young (37888K), 4 survivors (4096K)
 Metaspace       used 66915K, committed 67392K, reserved 1114112K
  class space    used 8832K, committed 9024K, reserved 1048576K
}
Event: 9.232 GC heap after
{Heap after GC invocations=21 (full 0):
 garbage-first heap   total 130048K, used 61194K [0x0000000080000000, 0x0000000100000000)
  region size 1024K, 5 young (5120K), 5 survivors (5120K)
 Metaspace       used 66915K, committed 67392K, reserved 1114112K
  class space    used 8832K, committed 9024K, reserved 1048576K
}
Event: 9.823 GC heap before
{Heap before GC invocations=21 (full 0):
 garbage-first heap   total 130048K, used 99082K [0x0000000080000000, 0x0000000100000000)
  region size 1024K, 42 young (43008K), 5 survivors (5120K)
 Metaspace       used 70715K, committed 71232K, reserved 1114112K
  class space    used 9323K, committed 9600K, reserved 1048576K
}
Event: 9.833 GC heap after
{Heap after GC invocations=22 (full 0):
 garbage-first heap   total 156672K, used 63717K [0x0000000080000000, 0x0000000100000000)
  region size 1024K, 3 young (3072K), 3 survivors (3072K)
 Metaspace       used 70715K, committed 71232K, reserved 1114112K
  class space    used 9323K, committed 9600K, reserved 1048576K
}
Event: 10.436 GC heap before
{Heap before GC invocations=22 (full 0):
 garbage-first heap   total 156672K, used 115941K [0x0000000080000000, 0x0000000100000000)
  region size 1024K, 54 young (55296K), 3 survivors (3072K)
 Metaspace       used 72123K, committed 72704K, reserved 1114112K
  class space    used 9503K, committed 9792K, reserved 1048576K
}
Event: 10.447 GC heap after
{Heap after GC invocations=23 (full 0):
 garbage-first heap   total 156672K, used 68580K [0x0000000080000000, 0x0000000100000000)
  region size 1024K, 7 young (7168K), 7 survivors (7168K)
 Metaspace       used 72123K, committed 72704K, reserved 1114112K
  class space    used 9503K, committed 9792K, reserved 1048576K
}
Event: 11.220 GC heap before
{Heap before GC invocations=23 (full 0):
 garbage-first heap   total 156672K, used 119780K [0x0000000080000000, 0x0000000100000000)
  region size 1024K, 57 young (58368K), 7 survivors (7168K)
 Metaspace       used 77444K, committed 78016K, reserved 1179648K
  class space    used 10426K, committed 10688K, reserved 1048576K
}
Event: 11.231 GC heap after
{Heap after GC invocations=24 (full 0):
 garbage-first heap   total 156672K, used 71543K [0x0000000080000000, 0x0000000100000000)
  region size 1024K, 3 young (3072K), 3 survivors (3072K)
 Metaspace       used 77444K, committed 78016K, reserved 1179648K
  class space    used 10426K, committed 10688K, reserved 1048576K
}
Event: 12.245 GC heap before
{Heap before GC invocations=24 (full 0):
 garbage-first heap   total 156672K, used 122743K [0x0000000080000000, 0x0000000100000000)
  region size 1024K, 53 young (54272K), 3 survivors (3072K)
 Metaspace       used 81995K, committed 82560K, reserved 1179648K
  class space    used 11062K, committed 11328K, reserved 1048576K
}
Event: 12.255 GC heap after
{Heap after GC invocations=25 (full 0):
 garbage-first heap   total 156672K, used 75474K [0x0000000080000000, 0x0000000100000000)
  region size 1024K, 7 young (7168K), 7 survivors (7168K)
 Metaspace       used 81995K, committed 82560K, reserved 1179648K
  class space    used 11062K, committed 11328K, reserved 1048576K
}
Event: 13.300 GC heap before
{Heap before GC invocations=25 (full 0):
 garbage-first heap   total 156672K, used 124626K [0x0000000080000000, 0x0000000100000000)
  region size 1024K, 55 young (56320K), 7 survivors (7168K)
 Metaspace       used 87638K, committed 88192K, reserved 1179648K
  class space    used 11879K, committed 12160K, reserved 1048576K
}
Event: 13.313 GC heap after
{Heap after GC invocations=26 (full 0):
 garbage-first heap   total 156672K, used 79770K [0x0000000080000000, 0x0000000100000000)
  region size 1024K, 5 young (5120K), 5 survivors (5120K)
 Metaspace       used 87638K, committed 88192K, reserved 1179648K
  class space    used 11879K, committed 12160K, reserved 1048576K
}
Event: 13.798 GC heap before
{Heap before GC invocations=26 (full 0):
 garbage-first heap   total 156672K, used 124826K [0x0000000080000000, 0x0000000100000000)
  region size 1024K, 49 young (50176K), 5 survivors (5120K)
 Metaspace       used 88609K, committed 89216K, reserved 1179648K
  class space    used 12015K, committed 12288K, reserved 1048576K
}
Event: 13.812 GC heap after
{Heap after GC invocations=27 (full 0):
 garbage-first heap   total 188416K, used 86016K [0x0000000080000000, 0x0000000100000000)
  region size 1024K, 6 young (6144K), 6 survivors (6144K)
 Metaspace       used 88609K, committed 89216K, reserved 1179648K
  class space    used 12015K, committed 12288K, reserved 1048576K
}
Event: 16.759 GC heap before
{Heap before GC invocations=28 (full 0):
 garbage-first heap   total 188416K, used 147456K [0x0000000080000000, 0x0000000100000000)
  region size 1024K, 67 young (68608K), 6 survivors (6144K)
 Metaspace       used 93232K, committed 93760K, reserved 1179648K
  class space    used 12695K, committed 12928K, reserved 1048576K
}
Event: 16.774 GC heap after
{Heap after GC invocations=29 (full 0):
 garbage-first heap   total 188416K, used 93681K [0x0000000080000000, 0x0000000100000000)
  region size 1024K, 8 young (8192K), 8 survivors (8192K)
 Metaspace       used 93232K, committed 93760K, reserved 1179648K
  class space    used 12695K, committed 12928K, reserved 1048576K
}
Event: 18.102 GC heap before
{Heap before GC invocations=29 (full 0):
 garbage-first heap   total 188416K, used 147953K [0x0000000080000000, 0x0000000100000000)
  region size 1024K, 62 young (63488K), 8 survivors (8192K)
 Metaspace       used 93908K, committed 94464K, reserved 1179648K
  class space    used 12737K, committed 12992K, reserved 1048576K
}
Event: 18.117 GC heap after
{Heap after GC invocations=30 (full 0):
 garbage-first heap   total 188416K, used 97461K [0x0000000080000000, 0x0000000100000000)
  region size 1024K, 4 young (4096K), 4 survivors (4096K)
 Metaspace       used 93908K, committed 94464K, reserved 1179648K
  class space    used 12737K, committed 12992K, reserved 1048576K
}

